<?xml version="1.0" encoding="UTF-8"?>
<!-- Generated by org.testng.reporters.JUnitXMLReporter -->
<testsuite ignored="0" hostname="SSTINADMLP1150" failures="0" tests="4" name="Test" time="100.401" errors="0" timestamp="2022-09-23T14:27:37 IST">
  <testcase classname="com.tests.TSNavigationPanel" name="VerifyExpandCollapse" time="0.391"/>
  <testcase classname="com.tests.TSNavigationPanel" name="verifyAllIconsOnCollapse" time="12.44"/>
  <testcase classname="com.tests.TSNavigationPanel" name="verifyUserAccountIconOnExpand" time="0.316"/>
  <testcase classname="com.tests.TSNavigationPanel" name="verifyIconsOnExpandCorrespondingToRoles" time="45.283"/>
</testsuite> <!-- Test -->
