<?xml version="1.0" encoding="UTF-8"?>
<!-- Generated by org.testng.reporters.JUnitXMLReporter -->
<testsuite ignored="0" hostname="SSTINADMLP1150" failures="1" tests="3" name="Test" time="68.404" errors="0" timestamp="2022-10-20T16:01:58 IST">
  <testcase classname="com.tests.TSJavascriptExecutor" name="@BeforeMethod setUp" time="30.012">
    <failure type="org.openqa.selenium.TimeoutException" message="Expected condition failed: waiting for com.utils.SeleniumWaitUtils$1@38d04d5c (tried for 30 second(s) with 15 milliseconds interval)">
      <![CDATA[org.openqa.selenium.TimeoutException: Expected condition failed: waiting for com.utils.SeleniumWaitUtils$1@38d04d5c (tried for 30 second(s) with 15 milliseconds interval)
at org.openqa.selenium.support.ui.FluentWait.timeoutException(FluentWait.java:263)
at org.openqa.selenium.support.ui.FluentWait.until(FluentWait.java:231)
at com.utils.SeleniumWaitUtils.doWaitForElement(SeleniumWaitUtils.java:24)
at com.utils.SeleniumUIUtils.sendKeys(SeleniumUIUtils.java:68)
at com.utils.CommonUtils.validSignIn(CommonUtils.java:55)
at com.tests.TSJavascriptExecutor.setUp(TSJavascriptExecutor.java:56)
at java.base/java.util.concurrent.ThreadPoolExecutor.runWorker(ThreadPoolExecutor.java:1136)
at java.base/java.util.concurrent.ThreadPoolExecutor$Worker.run(ThreadPoolExecutor.java:635)
at java.base/java.lang.Thread.run(Thread.java:833)
Caused by: org.openqa.selenium.NoSuchElementException: no such element: Unable to locate element: {"method":"xpath","selector":"//input[@id='username']"}
  (Session info: chrome=105.0.5195.127)
For documentation on this error, please visit: https://selenium.dev/exceptions/#no_such_element
Build info: version: '4.4.0', revision: 'e5c75ed026a'
System info: host: 'SSTINADMLP1150', ip: '192.168.1.10', os.name: 'Windows 10', os.arch: 'amd64', os.version: '10.0', java.version: '17.0.3'
Driver info: org.openqa.selenium.chrome.ChromeDriver
Command: [89f5b9d8d22bfbdcd1d2eb2f264f0b68, findElement {using=xpath, value=//input[@id='username']}]
Capabilities {acceptInsecureCerts: false, browserName: chrome, browserVersion: 105.0.5195.127, chrome: {chromedriverVersion: 105.0.5195.52 (412c95e51883..., userDataDir: C:\Users\ashwini.g\AppData\...}, goog:chromeOptions: {debuggerAddress: localhost:65437}, networkConnectionEnabled: false, pageLoadStrategy: normal, platformName: WINDOWS, proxy: Proxy(), se:cdp: ws://localhost:65437/devtoo..., se:cdpVersion: 105.0.5195.127, setWindowRect: true, strictFileInteractability: false, timeouts: {implicit: 0, pageLoad: 300000, script: 30000}, unhandledPromptBehavior: dismiss and notify, webauthn:extension:credBlob: true, webauthn:extension:largeBlob: true, webauthn:virtualAuthenticators: true}
Session ID: 89f5b9d8d22bfbdcd1d2eb2f264f0b68
at org.openqa.selenium.remote.codec.w3c.W3CHttpResponseCodec.createException(W3CHttpResponseCodec.java:200)
at org.openqa.selenium.remote.codec.w3c.W3CHttpResponseCodec.decode(W3CHttpResponseCodec.java:133)
at org.openqa.selenium.remote.codec.w3c.W3CHttpResponseCodec.decode(W3CHttpResponseCodec.java:53)
at org.openqa.selenium.remote.HttpCommandExecutor.execute(HttpCommandExecutor.java:184)
at org.openqa.selenium.remote.service.DriverCommandExecutor.invokeExecute(DriverCommandExecutor.java:167)
at org.openqa.selenium.remote.service.DriverCommandExecutor.execute(DriverCommandExecutor.java:142)
at org.openqa.selenium.remote.RemoteWebDriver.execute(RemoteWebDriver.java:547)
at org.openqa.selenium.remote.ElementLocation$ElementFinder$2.findElement(ElementLocation.java:162)
at org.openqa.selenium.remote.ElementLocation.findElement(ElementLocation.java:60)
at org.openqa.selenium.remote.RemoteWebDriver.findElement(RemoteWebDriver.java:365)
at org.openqa.selenium.remote.RemoteWebDriver.findElement(RemoteWebDriver.java:357)
at com.utils.SeleniumWaitUtils$1.apply(SeleniumWaitUtils.java:26)
at com.utils.SeleniumWaitUtils$1.apply(SeleniumWaitUtils.java:1)
at org.openqa.selenium.support.ui.FluentWait.until(FluentWait.java:208)
... 23 more
... Removed 20 stack frames]]>
    </failure>
  </testcase> <!-- @BeforeMethod setUp -->
  <testcase classname="com.tests.TSJavascriptExecutor" name="@BeforeMethod setUp" time="30.006">
    <failure type="org.openqa.selenium.TimeoutException" message="Expected condition failed: waiting for com.utils.SeleniumWaitUtils$1@4b03e42b (tried for 30 second(s) with 15 milliseconds interval)">
      <![CDATA[org.openqa.selenium.TimeoutException: Expected condition failed: waiting for com.utils.SeleniumWaitUtils$1@4b03e42b (tried for 30 second(s) with 15 milliseconds interval)
at org.openqa.selenium.support.ui.FluentWait.timeoutException(FluentWait.java:263)
at org.openqa.selenium.support.ui.FluentWait.until(FluentWait.java:231)
at com.utils.SeleniumWaitUtils.doWaitForElement(SeleniumWaitUtils.java:24)
at com.utils.SeleniumUIUtils.sendKeys(SeleniumUIUtils.java:68)
at com.utils.CommonUtils.validSignIn(CommonUtils.java:55)
at com.tests.TSJavascriptExecutor.setUp(TSJavascriptExecutor.java:56)
at java.base/java.util.concurrent.ThreadPoolExecutor.runWorker(ThreadPoolExecutor.java:1136)
at java.base/java.util.concurrent.ThreadPoolExecutor$Worker.run(ThreadPoolExecutor.java:635)
at java.base/java.lang.Thread.run(Thread.java:833)
Caused by: org.openqa.selenium.NoSuchElementException: no such element: Unable to locate element: {"method":"xpath","selector":"//input[@id='username']"}
  (Session info: chrome=105.0.5195.127)
For documentation on this error, please visit: https://selenium.dev/exceptions/#no_such_element
Build info: version: '4.4.0', revision: 'e5c75ed026a'
System info: host: 'SSTINADMLP1150', ip: '192.168.1.10', os.name: 'Windows 10', os.arch: 'amd64', os.version: '10.0', java.version: '17.0.3'
Driver info: org.openqa.selenium.chrome.ChromeDriver
Command: [89f5b9d8d22bfbdcd1d2eb2f264f0b68, findElement {using=xpath, value=//input[@id='username']}]
Capabilities {acceptInsecureCerts: false, browserName: chrome, browserVersion: 105.0.5195.127, chrome: {chromedriverVersion: 105.0.5195.52 (412c95e51883..., userDataDir: C:\Users\ashwini.g\AppData\...}, goog:chromeOptions: {debuggerAddress: localhost:65437}, networkConnectionEnabled: false, pageLoadStrategy: normal, platformName: WINDOWS, proxy: Proxy(), se:cdp: ws://localhost:65437/devtoo..., se:cdpVersion: 105.0.5195.127, setWindowRect: true, strictFileInteractability: false, timeouts: {implicit: 0, pageLoad: 300000, script: 30000}, unhandledPromptBehavior: dismiss and notify, webauthn:extension:credBlob: true, webauthn:extension:largeBlob: true, webauthn:virtualAuthenticators: true}
Session ID: 89f5b9d8d22bfbdcd1d2eb2f264f0b68
at org.openqa.selenium.remote.codec.w3c.W3CHttpResponseCodec.createException(W3CHttpResponseCodec.java:200)
at org.openqa.selenium.remote.codec.w3c.W3CHttpResponseCodec.decode(W3CHttpResponseCodec.java:133)
at org.openqa.selenium.remote.codec.w3c.W3CHttpResponseCodec.decode(W3CHttpResponseCodec.java:53)
at org.openqa.selenium.remote.HttpCommandExecutor.execute(HttpCommandExecutor.java:184)
at org.openqa.selenium.remote.service.DriverCommandExecutor.invokeExecute(DriverCommandExecutor.java:167)
at org.openqa.selenium.remote.service.DriverCommandExecutor.execute(DriverCommandExecutor.java:142)
at org.openqa.selenium.remote.RemoteWebDriver.execute(RemoteWebDriver.java:547)
at org.openqa.selenium.remote.ElementLocation$ElementFinder$2.findElement(ElementLocation.java:162)
at org.openqa.selenium.remote.ElementLocation.findElement(ElementLocation.java:60)
at org.openqa.selenium.remote.RemoteWebDriver.findElement(RemoteWebDriver.java:365)
at org.openqa.selenium.remote.RemoteWebDriver.findElement(RemoteWebDriver.java:357)
at com.utils.SeleniumWaitUtils$1.apply(SeleniumWaitUtils.java:26)
at com.utils.SeleniumWaitUtils$1.apply(SeleniumWaitUtils.java:1)
at org.openqa.selenium.support.ui.FluentWait.until(FluentWait.java:208)
... 23 more
... Removed 20 stack frames]]>
    </failure>
  </testcase> <!-- @BeforeMethod setUp -->
  <testcase classname="com.tests.TSJavascriptExecutor" name="VerifyScrolling" time="0.015">
    <skipped/>
  </testcase> <!-- VerifyScrolling -->
  <testcase classname="com.tests.TSJavascriptExecutor" name="VerifyScrolling" time="0.001">
    <skipped/>
  </testcase> <!-- VerifyScrolling -->
  <testcase classname="com.tests.TSJavascriptExecutor" name="VerifyScrolling" time="0.001">
    <failure type="java.lang.StringIndexOutOfBoundsException" message="String index out of range: 2">
      <![CDATA[java.lang.StringIndexOutOfBoundsException: String index out of range: 2
at java.base/java.lang.StringLatin1.charAt(StringLatin1.java:48)
at java.base/java.lang.String.charAt(String.java:1515)
at com.tests.TSJavascriptExecutor.VerifyScrolling(TSJavascriptExecutor.java:72)
at java.base/java.util.concurrent.ThreadPoolExecutor.runWorker(ThreadPoolExecutor.java:1136)
at java.base/java.util.concurrent.ThreadPoolExecutor$Worker.run(ThreadPoolExecutor.java:635)
at java.base/java.lang.Thread.run(Thread.java:833)
... Removed 12 stack frames]]>
    </failure>
  </testcase> <!-- VerifyScrolling -->
</testsuite> <!-- Test -->
